<?xml version="1.0" encoding="UTF-8"?>
<Site BuildName="Win32-mingw32-make"
	BuildStamp="20240626-1004-Experimental"
	Name="amrotheone"
	Generator="ctest-3.27.4"
	CompilerName=""
	CompilerVersion=""
	OSName="Windows"
	Hostname="amrotheone"
	OSRelease=" Professional"
	OSVersion=" (Build 22621)"
	OSPlatform="AMD64"
	Is64Bits="1"
	VendorString="AuthenticAMD"
	VendorID="Advanced Micro Devices"
	FamilyID="15"
	ModelID="0"
	ProcessorCacheSize="64"
	NumberOfLogicalCPU="16"
	NumberOfPhysicalCPU="8"
	TotalVirtualMemory="21868"
	TotalPhysicalMemory="14188"
	LogicalProcessorsPerPhysical="2"
	ProcessorClockFrequency="3193"
	>
	<Testing>
		<StartDateTime>Jun 26 13:04 Egypt Daylight Time</StartDateTime>
		<StartTestTime>1719396297</StartTestTime>
		<TestList/>
		<EndDateTime>Jun 26 13:04 Egypt Daylight Time</EndDateTime>
		<EndTestTime>1719396297</EndTestTime>
		<ElapsedMinutes>0</ElapsedMinutes>
	</Testing>
</Site>
